2020-05-21 00:00:37,826 product_detail_page.py---> test_click_plus_product_button 20 INFO this is test_click_plus_product_button
2020-05-21 00:04:35,936 product_detail_page.py---> test_click_plus_product_button 20 INFO this is test_click_plus_product_button
2020-05-21 00:06:50,718 product_detail_page.py---> test_click_plus_product_button 20 INFO this is test_click_plus_product_button
2020-05-21 00:07:41,918 product_detail_page.py---> test_click_plus_product_button 20 INFO this is test_click_plus_product_button
2020-05-21 00:08:01,690 product_detail_page.py---> test_click_plus_product_button 20 INFO this is test_click_plus_product_button
2020-05-21 00:10:21,855 product_detail_page.py---> test_click_plus_product_button 20 INFO this is test_click_plus_product_button
2020-05-21 00:13:08,539 product_detail_page.py---> test_click_plus_product_button 20 INFO this is test_click_plus_product_button
2020-05-21 00:14:58,267 product_detail_page.py---> test_click_plus_product_button 20 INFO this is test_click_plus_product_button
2020-05-21 00:15:13,008 product_detail_page.py---> test_click_plus_product_button 20 INFO this is test_click_plus_product_button
2020-05-21 00:17:18,156 product_detail_page.py---> test_check_defalut_quantity_product 20 INFO this is test_check_defalut_quantity_product
2020-05-21 00:17:32,188 product_detail_page.py---> test_check_defalut_quantity_product 20 INFO this is test_check_defalut_quantity_product
2020-05-21 00:22:11,935 product_detail_page.py---> test_check_defalut_quantity_product 20 INFO this is test_check_defalut_quantity_product
2020-05-21 00:25:20,920 product_detail_page.py---> test_mins_product_error 20 INFO this is test_mins_product_error
2020-05-21 00:25:55,690 product_detail_page.py---> test_mins_product_error 20 INFO this is test_mins_product_error
2020-05-21 00:27:44,890 product_detail_page.py---> test_send_quantity_value 20 INFO this is test_send_quantity_value
2020-05-21 00:29:08,606 product_detail_page.py---> test_send_quantity_value 20 INFO this is test_send_quantity_value
2020-05-21 00:32:53,973 product_detail_page.py---> test_click_close_button 20 INFO this is test_click_close_button
2020-05-21 00:38:16,019 product_detail_page.py---> test_click_close_button 20 INFO this is test_click_close_button
2020-05-21 00:39:25,971 product_detail_page.py---> test_click_close_button 20 INFO this is test_click_close_button
2020-05-21 00:39:56,913 product_detail_page.py---> test_click_close_button 20 INFO this is test_click_close_button
2020-05-21 00:41:52,732 product_detail_page.py---> test_click_close_button 20 INFO this is test_click_close_button
2020-05-21 00:47:01,131 product_detail_not_login_page.py---> test_check_defalut_quantity_product 20 INFO this is test_check_defalut_quantity_product
2020-05-21 00:47:06,651 product_detail_not_login_page.py---> test_click_add_favourite_product 20 INFO this is test_click_add_favourite_product
2020-05-21 00:47:22,004 product_detail_not_login_page.py---> test_click_add_shopping_button 20 INFO this is test_click_add_shopping_button
2020-05-21 00:47:29,819 product_detail_not_login_page.py---> test_click_buy_button 20 INFO this is test_click_buy_button
2020-05-21 00:47:35,316 product_detail_not_login_page.py---> test_click_buy_confirm_button 20 INFO this is test_click_buy_confirm_button
2020-05-21 00:47:40,955 product_detail_not_login_page.py---> test_click_close_button 20 INFO this is test_click_close_button
2020-05-21 00:47:46,797 product_detail_not_login_page.py---> test_click_plus_product_button 20 INFO this is test_click_plus_product_button
2020-05-21 00:47:52,718 product_detail_not_login_page.py---> test_click_return_button 20 INFO this is test_click_return_button
2020-05-21 00:48:08,019 product_detail_not_login_page.py---> test_click_return_shop_button 20 INFO this is test_click_return_shop_button
2020-05-21 00:48:13,151 product_detail_not_login_page.py---> test_click_share_button 20 INFO this is test_share_button
2020-05-21 00:48:20,185 product_detail_not_login_page.py---> test_click_shopping_bag 20 INFO this is test_click_shopping_bag
2020-05-21 00:48:25,317 product_detail_not_login_page.py---> test_mins_product_error 20 INFO this is test_mins_product_error
2020-05-21 00:48:32,829 product_detail_not_login_page.py---> test_send_quantity_value 20 INFO this is test_send_quantity_value
2020-05-21 00:49:50,684 product_detail_not_login_page.py---> test_click_add_favourite_product 20 INFO this is test_click_add_favourite_product
2020-05-21 00:50:33,787 product_detail_not_login_page.py---> test_click_add_favourite_product 20 INFO this is test_click_add_favourite_product
2020-05-21 00:52:34,163 product_detail_not_login_page.py---> test_click_return_button 20 INFO this is test_click_return_button
2020-05-21 00:53:31,698 product_detail_not_login_page.py---> test_click_return_button 20 INFO this is test_click_return_button
2020-05-21 00:54:43,197 product_detail_not_login_page.py---> test_click_return_button 20 INFO this is test_click_return_button
2020-05-21 00:55:14,978 product_detail_not_login_page.py---> test_click_return_button 20 INFO this is test_click_return_button
2020-05-21 00:56:01,214 product_detail_not_login_page.py---> test_click_shopping_bag 20 INFO this is test_click_shopping_bag
2020-05-21 00:56:39,683 product_detail_not_login_page.py---> test_click_shopping_bag 20 INFO this is test_click_shopping_bag
2020-05-21 00:57:08,755 product_detail_not_login_page.py---> test_click_shopping_bag 20 INFO this is test_click_shopping_bag
2020-05-21 00:57:47,985 product_detail_not_login_page.py---> test_click_shopping_bag 20 INFO this is test_click_shopping_bag
2020-05-21 00:58:19,873 product_detail_not_login_page.py---> test_click_shopping_bag 20 INFO this is test_click_shopping_bag
2020-05-21 00:59:40,466 product_detail_not_login_page.py---> test_click_shopping_bag 20 INFO this is test_click_shopping_bag
2020-05-21 01:01:28,948 product_detail_not_login_page.py---> test_click_shopping_bag 20 INFO this is test_click_shopping_bag
2020-05-21 01:01:49,832 product_detail_not_login_page.py---> test_check_defalut_quantity_product 20 INFO this is test_check_defalut_quantity_product
2020-05-21 01:01:55,464 product_detail_not_login_page.py---> test_click_add_favourite_product 20 INFO this is test_click_add_favourite_product
2020-05-21 01:02:10,703 product_detail_not_login_page.py---> test_click_add_shopping_button 20 INFO this is test_click_add_shopping_button
2020-05-21 01:02:16,470 product_detail_not_login_page.py---> test_click_buy_button 20 INFO this is test_click_buy_button
2020-05-21 01:02:22,035 product_detail_not_login_page.py---> test_click_buy_confirm_button 20 INFO this is test_click_buy_confirm_button
2020-05-21 01:02:27,663 product_detail_not_login_page.py---> test_click_close_button 20 INFO this is test_click_close_button
2020-05-21 01:02:33,651 product_detail_not_login_page.py---> test_click_plus_product_button 20 INFO this is test_click_plus_product_button
2020-05-21 01:02:39,337 product_detail_not_login_page.py---> test_click_return_button 20 INFO this is test_click_return_button
2020-05-21 01:02:44,255 product_detail_not_login_page.py---> test_click_return_shop_button 20 INFO this is test_click_return_shop_button
2020-05-21 01:02:49,377 product_detail_not_login_page.py---> test_click_share_button 20 INFO this is test_share_button
2020-05-21 01:02:56,349 product_detail_not_login_page.py---> test_click_shopping_bag 20 INFO this is test_click_shopping_bag
2020-05-21 01:03:01,663 product_detail_not_login_page.py---> test_mins_product_error 20 INFO this is test_mins_product_error
2020-05-21 01:03:09,252 product_detail_not_login_page.py---> test_send_quantity_value 20 INFO this is test_send_quantity_value
2020-05-21 01:04:52,550 product_detail_not_login_page.py---> test_click_close_button 20 INFO this is test_click_close_button
2020-05-21 01:05:24,161 product_detail_not_login_page.py---> test_click_close_button 20 INFO this is test_click_close_button
