2020-05-10 03:01:13,704 login_Retrieve_password.py---> test_donot_send_phone_get_verification 20 INFO this is test_donot_send_phone_get_verification
2020-05-10 03:03:42,646 login_Retrieve_password.py---> test_donot_send_phone_get_verification 20 INFO this is test_donot_send_phone_get_verification
2020-05-10 03:04:06,389 login_Retrieve_password.py---> test_donot_send_phone_get_verification 20 INFO this is test_donot_send_phone_get_verification
2020-05-10 03:04:43,324 login_Retrieve_password.py---> test_donot_send_phone_get_verification 20 INFO this is test_donot_send_phone_get_verification
2020-05-10 03:04:54,070 login_Retrieve_password.py---> test_donot_send_phone_get_verification 20 INFO this is test_donot_send_phone_get_verification
2020-05-10 03:06:04,520 login_Retrieve_password.py---> test_donot_send_phone_get_verification 20 INFO this is test_donot_send_phone_get_verification
2020-05-10 03:08:27,715 login_Retrieve_password.py---> test_donot_send_phone_get_verification 20 INFO this is test_donot_send_phone_get_verification
2020-05-10 03:09:07,378 login_Retrieve_password.py---> test_donot_send_phone_get_verification 20 INFO this is test_donot_send_phone_get_verification
2020-05-10 03:17:29,213 login_Retrieve_password.py---> test_donot_send_phone_get_verification 20 INFO this is test_donot_send_phone_get_verification
2020-05-10 03:29:03,407 login_Retrieve_password.py---> test_donot_send_phone_get_verification 20 INFO this is test_donot_send_phone_get_verification
2020-05-10 03:29:25,488 login_Retrieve_password.py---> test_send_error_verification 20 INFO this is test_send_error_verification
2020-05-10 03:30:35,307 login_Retrieve_password.py---> test_send_error_verification 20 INFO this is test_send_error_verification
2020-05-10 03:31:35,777 login_Retrieve_password.py---> test_send_error_verification 20 INFO this is test_send_error_verification
2020-05-10 03:33:46,696 login_Retrieve_password.py---> test_no_send_click_button 20 INFO this is test_no_send_click_button
2020-05-10 03:37:26,795 login_Retrieve_password.py---> test_no_send_click_button 20 INFO this is test_no_send_click_button
2020-05-10 03:42:15,114 login_Retrieve_password.py---> test_no_send_click_button 20 INFO this is test_no_send_click_button
2020-05-10 03:43:45,776 login_Retrieve_password.py---> test_login_code_error 20 INFO this is test_login_phone_number_error
2020-05-10 03:46:05,683 login_Retrieve_password.py---> test_login_code_error 20 INFO this is test_login_phone_number_error
2020-05-10 03:48:01,698 login_Retrieve_password.py---> do_not_send_password_and_confirm_password 20 INFO this is do_not_send_password_and_confirm_password
2020-05-10 03:48:39,189 login_Retrieve_password.py---> do_not_send_password_and_confirm_password 20 INFO this is do_not_send_password_and_confirm_password
2020-05-10 03:50:42,625 login_Retrieve_password.py---> do_not_send_password_and_confirm_password 20 INFO this is do_not_send_password_and_confirm_password
2020-05-10 03:54:17,486 login_Retrieve_password.py---> do_not_send_confirm_password 20 INFO this is do_not_send_confirm_password
2020-05-10 03:54:53,004 login_Retrieve_password.py---> test_return_password_mod 20 INFO this is test_return_password_mod
2020-05-10 03:56:42,819 login_Retrieve_password.py---> test_return_password_mod 20 INFO this is test_return_password_mod
2020-05-10 03:57:04,352 login_Retrieve_password.py---> test_donot_send_phone_get_verification 20 INFO this is test_donot_send_phone_get_verification
2020-05-10 03:57:10,063 login_Retrieve_password.py---> test_login_code_error 20 INFO this is test_login_phone_number_error
2020-05-10 03:57:18,230 login_Retrieve_password.py---> test_login_forward_process 20 INFO this is test_login_forward_process
2020-05-10 03:57:24,788 login_Retrieve_password.py---> test_no_send_click_button 20 INFO this is test_no_send_click_button
2020-05-10 03:57:31,401 login_Retrieve_password.py---> test_return_password_mod 20 INFO this is test_return_password_mod
2020-05-10 03:57:38,962 login_Retrieve_password.py---> test_send_error_verification 20 INFO this is test_send_error_verification
2020-05-10 04:02:19,900 login_password.py---> test_switch_retrieve_the_password_mode 20 INFO this is test_switch_retrieve_the_password_mode
2020-05-10 04:02:34,361 login_password.py---> test_switch_retrieve_the_password_mode 20 INFO this is test_switch_retrieve_the_password_mode
2020-05-10 04:02:56,043 login_password.py---> test_switch_retrieve_the_password_mode 20 INFO this is test_switch_retrieve_the_password_mode
2020-05-10 04:04:08,768 login_password.py---> test_switch_retrieve_the_password_mode 20 INFO this is test_switch_retrieve_the_password_mode
2020-05-10 04:04:46,862 login_password.py---> test_switch_retrieve_the_password_mode 20 INFO this is test_switch_retrieve_the_password_mode
2020-05-10 04:13:54,388 login_password.py---> test_switch_retrieve_the_password_mode 20 INFO this is test_switch_retrieve_the_password_mode
2020-05-10 04:15:06,418 login_Retrieve_password.py---> test_donot_send_phone_get_verification 20 INFO this is test_donot_send_phone_get_verification
2020-05-10 04:15:12,100 login_Retrieve_password.py---> test_login_code_error 20 INFO this is test_login_phone_number_error
2020-05-10 04:15:20,429 login_Retrieve_password.py---> test_login_forward_process 20 INFO this is test_login_forward_process
2020-05-10 04:15:26,558 login_Retrieve_password.py---> test_no_send_click_button 20 INFO this is test_no_send_click_button
2020-05-10 04:15:32,476 login_Retrieve_password.py---> test_return_password_mod 20 INFO this is test_return_password_mod
2020-05-10 04:15:40,150 login_Retrieve_password.py---> test_send_error_verification 20 INFO this is test_send_error_verification
2020-05-10 04:17:08,697 login_code.py---> test_click_button 20 INFO this is test_click_btton
2020-05-10 04:17:14,515 login_code.py---> test_login_code_error 20 INFO this is test_login_phone_number_error
2020-05-10 04:17:20,316 login_code.py---> test_login_forward_process 20 INFO this is test_login_forward_process
2020-05-10 04:17:28,217 login_code.py---> test_login_phone_and_code_error 20 INFO this is test_login_phone_number_error
2020-05-10 04:17:34,211 login_code.py---> test_login_phone_error 20 INFO this is test_login_phone_number_error
2020-05-10 04:17:40,074 login_code.py---> test_login_switch_sms_to_password 20 INFO this is test_login_switch_sms_to_password
2020-05-10 04:17:44,489 login_password.py---> test_login_code_error 20 INFO this is test_login_phone_number_error
2020-05-10 04:17:49,424 login_password.py---> test_login_forward_process 20 INFO this is test_login_forward_process
2020-05-10 04:17:54,233 login_password.py---> test_login_phone_and_code_error 20 INFO this is test_login_phone_number_error
2020-05-10 04:18:00,542 login_password.py---> test_no_send_click_button 20 INFO this is test_no_send_click_button
2020-05-10 04:18:05,400 login_password.py---> test_switch_code_mode 20 INFO this is test_switch_code_mode
2020-05-10 04:18:10,176 login_password.py---> test_switch_retrieve_the_password_mode 20 INFO this is test_switch_retrieve_the_password_mode
2020-05-10 04:18:14,907 login_Retrieve_password.py---> test_donot_send_phone_get_verification 20 INFO this is test_donot_send_phone_get_verification
2020-05-10 04:19:21,016 login_Retrieve_password.py---> test_login_code_error 20 INFO this is test_login_phone_number_error
2020-05-10 04:20:29,283 login_Retrieve_password.py---> test_login_forward_process 20 INFO this is test_login_forward_process
2020-05-10 04:21:40,763 login_Retrieve_password.py---> test_no_send_click_button 20 INFO this is test_no_send_click_button
2020-05-10 04:22:49,311 login_Retrieve_password.py---> test_return_password_mod 20 INFO this is test_return_password_mod
2020-05-10 04:23:56,657 login_Retrieve_password.py---> test_send_error_verification 20 INFO this is test_send_error_verification
2020-05-10 04:36:55,838 login_password.py---> test_no_send_click_button 20 INFO this is test_no_send_click_button
