2020-05-06 01:54:46,368 login_test.py---> test_login_phone_number_error 20 INFO this is test_login_phone_number_error
2020-05-06 01:55:51,655 login_test.py---> test_login_phone_number_error 20 INFO this is test_login_phone_number_error
2020-05-06 01:57:01,430 login_test.py---> test_login_code_error 20 INFO this is test_login_phone_number_error
2020-05-06 02:02:03,190 login_test.py---> test_login_code_error 20 INFO this is test_login_phone_number_error
2020-05-06 02:02:20,520 login_test.py---> test_login_code_error 20 INFO this is test_login_phone_number_error
2020-05-06 02:03:31,201 login_test.py---> test_login_code_error 20 INFO this is test_login_phone_number_error
2020-05-06 02:03:43,395 login_test.py---> test_login_phone_and_code_error 20 INFO this is test_login_phone_number_error
2020-05-06 03:03:56,424 login_test.py---> test_login_code_error 20 INFO this is test_login_phone_number_error
2020-05-06 03:04:01,443 login_test.py---> test_login_forward_process 20 INFO this is test_login_forward_process
2020-05-06 03:04:07,005 login_test.py---> test_login_phone_and_code_error 20 INFO this is test_login_phone_number_error
2020-05-06 03:04:11,733 login_test.py---> test_login_phone_number_error 20 INFO this is test_login_phone_number_error
2020-05-06 03:05:01,004 login_test.py---> test_login_phone_and_code_error 20 INFO this is test_login_phone_number_error
2020-05-06 03:05:05,534 login_test.py---> test_login_code_error 20 INFO this is test_login_phone_number_error
2020-05-06 03:05:35,716 login_test.py---> test_login_code_error 20 INFO this is test_login_phone_number_error
2020-05-06 03:05:59,831 login_test.py---> test_login_phone_and_code_error 20 INFO this is test_login_phone_number_error
2020-05-06 03:06:26,830 login_test.py---> test_login_code_error 20 INFO this is test_login_phone_number_error
2020-05-06 03:06:39,773 login_test.py---> test_login_phone_and_code_error 20 INFO this is test_login_phone_number_error
2020-05-06 03:06:44,322 login_test.py---> test_login_code_error 20 INFO this is test_login_phone_number_error
2020-05-06 18:23:47,595 login_code.py---> test_login_forward_process 20 INFO this is test_login_forward_process
2020-05-06 18:23:53,774 login_code.py---> test_login_code_error 20 INFO this is test_login_phone_number_error
2020-05-06 18:24:48,257 login_code.py---> test_login_forward_process 20 INFO this is test_login_forward_process
2020-05-06 18:30:46,141 login_code.py---> test_login_forward_process 20 INFO this is test_login_forward_process
2020-05-06 18:34:17,185 login_code.py---> test_login_forward_process 20 INFO this is test_login_forward_process
2020-05-06 18:35:25,306 login_code.py---> test_login_forward_process 20 INFO this is test_login_forward_process
2020-05-06 19:41:39,986 login_code.py---> test_login_forward_process 20 INFO this is test_login_forward_process
2020-05-06 19:44:17,755 login_code.py---> test_login_forward_process 20 INFO this is test_login_forward_process
2020-05-06 19:48:32,394 login_code.py---> test_login_forward_process 20 INFO this is test_login_forward_process
2020-05-06 19:49:46,647 login_code.py---> test_login_forward_process 20 INFO this is test_login_forward_process
2020-05-06 19:57:13,023 login_code.py---> test_login_forward_process 20 INFO this is test_login_forward_process
2020-05-06 20:03:20,740 login_code.py---> test_login_forward_process 20 INFO this is test_login_forward_process
2020-05-06 20:05:46,666 login_code.py---> test_login_forward_process 20 INFO this is test_login_forward_process
2020-05-06 20:07:09,794 login_code.py---> test_login_forward_process 20 INFO this is test_login_forward_process
2020-05-06 20:08:15,332 login_code.py---> test_login_forward_process 20 INFO this is test_login_forward_process
