2020-05-07 15:57:43,203 login_code.py---> test_login_code_error 20 INFO this is test_login_phone_number_error
2020-05-07 15:57:48,942 login_code.py---> test_login_forward_process 20 INFO this is test_login_forward_process
2020-05-07 15:57:57,294 login_code.py---> test_login_phone_and_code_error 20 INFO this is test_login_phone_number_error
2020-05-07 15:58:02,623 login_code.py---> test_login_phone_error 20 INFO this is test_login_phone_number_error
2020-05-07 15:58:07,754 login_code.py---> test_login_phone_number_error 20 INFO this is test_login_phone_number_error
2020-05-07 15:59:01,625 login_code.py---> test_login_forward_process 20 INFO this is test_login_forward_process
2020-05-07 16:04:24,340 login_code.py---> test_login_code_error 20 INFO this is test_login_phone_number_error
2020-05-07 16:04:30,101 login_code.py---> test_login_forward_process 20 INFO this is test_login_forward_process
2020-05-07 16:04:38,539 login_code.py---> test_login_phone_and_code_error 20 INFO this is test_login_phone_number_error
2020-05-07 16:04:43,641 login_code.py---> test_login_phone_error 20 INFO this is test_login_phone_number_error
2020-05-07 16:04:48,842 login_code.py---> test_login_phone_number_error 20 INFO this is test_login_phone_number_error
2020-05-07 16:05:24,451 login_code.py---> test_login_code_error 20 INFO this is test_login_phone_number_error
2020-05-07 16:05:28,015 login_code.py---> test_login_forward_process 20 INFO this is test_login_forward_process
2020-05-07 16:05:32,038 login_code.py---> test_login_phone_and_code_error 20 INFO this is test_login_phone_number_error
2020-05-07 16:05:36,071 login_code.py---> test_login_phone_error 20 INFO this is test_login_phone_number_error
2020-05-07 16:05:39,685 login_code.py---> test_login_phone_number_error 20 INFO this is test_login_phone_number_error
2020-05-07 16:31:40,188 login_code.py---> test_login_switch_sms_to_password 20 INFO this is test_login_switch_sms_to_password
2020-05-07 16:47:40,452 login_code.py---> test_login_code_error 20 INFO this is test_login_phone_number_error
2020-05-07 16:47:45,423 login_code.py---> test_login_forward_process 20 INFO this is test_login_forward_process
2020-05-07 16:47:53,546 login_code.py---> test_login_phone_and_code_error 20 INFO this is test_login_phone_number_error
2020-05-07 16:47:58,815 login_code.py---> test_login_phone_error 20 INFO this is test_login_phone_number_error
2020-05-07 16:48:03,931 login_code.py---> test_login_phone_number_error 20 INFO this is test_login_phone_number_error
2020-05-07 16:48:09,093 login_code.py---> test_login_switch_sms_to_password 20 INFO this is test_login_switch_sms_to_password
2020-05-07 16:48:54,922 login_code.py---> test_login_phone_error 20 INFO this is test_login_phone_number_error
2020-05-07 17:02:22,503 login_code.py---> test_login_phone_error 20 INFO this is test_login_phone_number_error
2020-05-07 17:03:17,228 login_code.py---> test_login_code_error 20 INFO this is test_login_phone_number_error
2020-05-07 17:03:24,098 login_code.py---> test_login_forward_process 20 INFO this is test_login_forward_process
2020-05-07 17:03:32,058 login_code.py---> test_login_phone_and_code_error 20 INFO this is test_login_phone_number_error
2020-05-07 17:03:37,939 login_code.py---> test_login_phone_error 20 INFO this is test_login_phone_number_error
2020-05-07 17:03:43,775 login_code.py---> test_login_phone_number_error 20 INFO this is test_login_phone_number_error
2020-05-07 17:03:50,102 login_code.py---> test_login_switch_sms_to_password 20 INFO this is test_login_switch_sms_to_password
2020-05-07 17:05:42,295 login_code.py---> test_login_code_error 20 INFO this is test_login_phone_number_error
2020-05-07 17:06:09,944 login_code.py---> test_login_forward_process 20 INFO this is test_login_forward_process
2020-05-07 17:06:18,084 login_code.py---> test_login_phone_and_code_error 20 INFO this is test_login_phone_number_error
2020-05-07 17:06:24,549 login_code.py---> test_login_phone_error 20 INFO this is test_login_phone_number_error
2020-05-07 17:06:30,761 login_code.py---> test_login_phone_number_error 20 INFO this is test_login_phone_number_error
2020-05-07 17:06:36,868 login_code.py---> test_login_switch_sms_to_password 20 INFO this is test_login_switch_sms_to_password
2020-05-07 17:07:23,175 login_code.py---> test_login_code_error 20 INFO this is test_login_phone_number_error
2020-05-07 17:07:29,204 login_code.py---> test_login_forward_process 20 INFO this is test_login_forward_process
2020-05-07 17:07:37,269 login_code.py---> test_login_phone_and_code_error 20 INFO this is test_login_phone_number_error
2020-05-07 17:07:43,534 login_code.py---> test_login_phone_error 20 INFO this is test_login_phone_number_error
2020-05-07 17:07:50,274 login_code.py---> test_login_phone_number_error 20 INFO this is test_login_phone_number_error
2020-05-07 17:07:56,704 login_code.py---> test_login_switch_sms_to_password 20 INFO this is test_login_switch_sms_to_password
2020-05-07 17:09:31,023 login_code.py---> test_login_phone_error 20 INFO this is test_login_phone_number_error
2020-05-07 17:09:41,932 login_code.py---> test_login_code_error 20 INFO this is test_login_phone_number_error
2020-05-07 17:09:47,866 login_code.py---> test_login_forward_process 20 INFO this is test_login_forward_process
2020-05-07 17:09:56,517 login_code.py---> test_login_phone_and_code_error 20 INFO this is test_login_phone_number_error
2020-05-07 17:10:02,353 login_code.py---> test_login_phone_error 20 INFO this is test_login_phone_number_error
2020-05-07 17:10:08,700 login_code.py---> test_login_switch_sms_to_password 20 INFO this is test_login_switch_sms_to_password
