2020-05-12 23:09:05,927 home_page.py---> test_brand_story 20 INFO this is test_login_forward_process
2020-05-12 23:09:46,487 home_page.py---> test_brand_story 20 INFO this is test_login_forward_process
2020-05-12 23:14:40,765 home_page.py---> test_brand_story 20 INFO this is test_brand_story
2020-05-12 23:14:45,891 home_page.py---> test_business_academy 20 INFO this is test_business_academy
2020-05-12 23:14:56,998 home_page.py---> test_product_world 20 INFO this is test_product_world
2020-05-12 23:15:02,215 home_page.py---> test_sharing_rule 20 INFO this is test_sharing_rule
2020-05-12 23:15:07,942 home_page.py---> test_sleep_channel 20 INFO this is test_sleep_channel
2020-05-12 23:15:13,402 home_page.py---> test_switch_class 20 INFO this is test_switch_class
2020-05-12 23:18:47,082 home_page.py---> test_brand_story 20 INFO this is test_brand_story
2020-05-12 23:18:55,003 home_page.py---> test_business_academy 20 INFO this is test_business_academy
2020-05-12 23:19:00,286 home_page.py---> test_product_world 20 INFO this is test_product_world
2020-05-12 23:19:06,017 home_page.py---> test_sharing_rule 20 INFO this is test_sharing_rule
2020-05-12 23:19:11,042 home_page.py---> test_sleep_channel 20 INFO this is test_sleep_channel
2020-05-12 23:19:17,011 home_page.py---> test_switch_class 20 INFO this is test_switch_class
2020-05-12 23:21:06,674 home_page.py---> test_product_world 20 INFO this is test_product_world
2020-05-12 23:31:19,425 home_page.py---> test_brand_story 20 INFO this is test_brand_story
2020-05-12 23:31:25,679 home_page.py---> test_business_academy 20 INFO this is test_business_academy
2020-05-12 23:31:30,846 home_page.py---> test_product_world 20 INFO this is test_product_world
2020-05-12 23:31:36,395 home_page.py---> test_sharing_rule 20 INFO this is test_sharing_rule
2020-05-12 23:31:40,073 home_page.py---> test_sleep_channel 20 INFO this is test_sleep_channel
2020-05-12 23:31:45,680 home_page.py---> test_switch_class 20 INFO this is test_switch_class
2020-05-12 23:37:59,570 home_page.py---> test_brand_story 20 INFO this is test_brand_story
2020-05-12 23:38:05,265 home_page.py---> test_business_academy 20 INFO this is test_business_academy
2020-05-12 23:38:10,643 home_page.py---> test_product_world 20 INFO this is test_product_world
2020-05-12 23:38:18,700 home_page.py---> test_sharing_rule 20 INFO this is test_sharing_rule
2020-05-12 23:38:30,250 home_page.py---> test_sleep_channel 20 INFO this is test_sleep_channel
2020-05-12 23:38:38,369 home_page.py---> test_switch_class 20 INFO this is test_switch_class
