2020-05-16 01:21:17,326 home_page.py---> test_about_zzmx_button 20 INFO this is test_about_zzmx_button
2020-05-16 01:27:36,812 home_page.py---> test_about_zzmx_button 20 INFO this is test_about_zzmx_button
2020-05-16 01:28:15,009 home_page.py---> test_about_zzmx_button 20 INFO this is test_about_zzmx_button
2020-05-16 02:19:01,276 home_page.py---> test_about_zzmx_button 20 INFO this is test_about_zzmx_button
2020-05-16 02:19:29,432 home_page.py---> test_about_zzmx_button 20 INFO this is test_about_zzmx_button
2020-05-16 02:21:07,194 home_page.py---> test_about_zzmx_button 20 INFO this is test_about_zzmx_button
2020-05-16 02:21:28,494 home_page.py---> test_zzmx_material_button 20 INFO this is test_zzmx_material_button
2020-05-16 02:21:46,686 home_page.py---> test_QA_center 20 INFO this is test_QA_center
2020-05-16 02:22:27,656 home_page.py---> test_QA_center 20 INFO this is test_QA_center
2020-05-16 02:22:56,728 home_page.py---> test_QA_center 20 INFO this is test_QA_center
2020-05-16 02:24:14,643 home_page.py---> test_QA_center 20 INFO this is test_QA_center
2020-05-16 02:24:50,508 home_page.py---> test_seller_tabber 20 INFO this is test_seller_tabber
2020-05-16 02:25:32,007 home_page.py---> test_seller_tabber 20 INFO this is test_seller_tabber
2020-05-16 02:28:42,151 home_page.py---> test_seller_tabber 20 INFO this is test_seller_tabber
2020-05-16 02:29:14,457 home_page.py---> test_seller_tabber 20 INFO this is test_seller_tabber
2020-05-16 02:40:34,492 home_page.py---> test_seller_tabber 20 INFO this is test_seller_tabber
2020-05-16 02:40:51,896 home_page.py---> test_first_product 20 INFO this is test_first_product
2020-05-16 03:50:16,767 home_page.py---> test_about_zzmx_button 20 INFO this is test_about_zzmx_button
2020-05-16 03:51:23,261 home_page.py---> test_about_zzmx_button 20 INFO this is test_about_zzmx_button
2020-05-16 03:56:24,237 home_page.py---> test_about_zzmx_button 20 INFO this is test_about_zzmx_button
2020-05-16 03:56:38,927 home_page.py---> test_first_product 20 INFO this is test_first_product
2020-05-16 03:57:30,216 home_page.py---> test_first_product 20 INFO this is test_first_product
2020-05-16 04:13:50,768 home_page.py---> test_first_product 20 INFO this is test_first_product
2020-05-16 04:15:24,524 home_page.py---> test_first_product 20 INFO this is test_first_product
2020-05-16 04:16:23,156 home_page.py---> test_first_product 20 INFO this is test_first_product
2020-05-16 04:20:46,064 home_page.py---> test_first_product 20 INFO this is test_first_product
2020-05-16 04:22:56,809 home_page.py---> test_first_product 20 INFO this is test_first_product
2020-05-16 04:24:07,109 home_page.py---> test_first_product 20 INFO this is test_first_product
2020-05-16 04:25:41,716 home_page.py---> test_first_product 20 INFO this is test_first_product
2020-05-16 04:26:48,975 home_page.py---> test_first_product 20 INFO this is test_first_product
2020-05-16 04:28:27,248 home_page.py---> test_first_product 20 INFO this is test_first_product
2020-05-16 04:28:50,542 home_page.py---> test_second_product 20 INFO this is test_second_product
2020-05-16 04:29:07,136 home_page.py---> test_third_product 20 INFO this is test_third_product
2020-05-16 04:30:47,428 home_page.py---> test_QA_center 20 INFO this is test_QA_center
2020-05-16 04:30:57,673 home_page.py---> test_about_zzmx_button 20 INFO this is test_about_zzmx_button
2020-05-16 04:31:08,194 home_page.py---> test_first_product 20 INFO this is test_first_product
2020-05-16 04:31:19,683 home_page.py---> test_second_product 20 INFO this is test_second_product
2020-05-16 04:31:30,194 home_page.py---> test_seller_tabber 20 INFO this is test_seller_tabber
2020-05-16 04:31:41,132 home_page.py---> test_third_product 20 INFO this is test_third_product
2020-05-16 04:31:50,553 home_page.py---> test_zzmx_material_button 20 INFO this is test_zzmx_material_button
