2020-05-25 00:49:41,671 my_page.py---> test_click_all_order 20 INFO this is test_click_all_order
2020-05-25 00:49:47,249 my_page.py---> test_click_good_to_be_received 20 INFO this is test_click_good_to_be_received
2020-05-25 00:49:51,300 my_page.py---> test_click_login 20 INFO this is test_click_login
2020-05-25 00:49:56,365 my_page.py---> test_click_my_customer_service 20 INFO this is test_click_my_customer_service
2020-05-25 00:50:04,071 my_page.py---> test_click_my_favourite 20 INFO this is test_click_my_favourite
2020-05-25 00:50:09,671 my_page.py---> test_click_my_wallet 20 INFO this is test_click_my_wallet
2020-05-25 00:50:14,862 my_page.py---> test_click_received 20 INFO this is test_click_received
2020-05-25 00:50:19,455 my_page.py---> test_click_set 20 INFO this is test_click_set
2020-05-25 00:50:20,249 connectionpool.py---> urlopen 30 WARNING Retrying (Retry(total=2, connect=None, read=None, redirect=None, status=None)) after connection broken by 'ProtocolError('Connection aborted.', ConnectionResetError(10054, '远程主机强迫关闭了一个现有的连接。', None, 10054, None))': /session/183117a83f4823d726519e2a17126d09/screenshot
2020-05-25 00:50:36,680 my_page.py---> test_click_all_order 20 INFO this is test_click_all_order
2020-05-25 00:50:42,034 my_page.py---> test_click_good_to_be_received 20 INFO this is test_click_good_to_be_received
2020-05-25 00:50:50,704 my_page.py---> test_click_my_customer_service 20 INFO this is test_click_my_customer_service
2020-05-25 00:50:56,348 my_page.py---> test_click_my_favourite 20 INFO this is test_click_my_favourite
2020-05-25 00:51:01,767 my_page.py---> test_click_my_wallet 20 INFO this is test_click_my_wallet
2020-05-25 00:51:07,353 my_page.py---> test_click_received 20 INFO this is test_click_received
2020-05-25 00:51:12,780 my_page.py---> test_click_set 20 INFO this is test_click_set
2020-05-25 00:51:18,264 my_page.py---> test_click_talk 20 INFO this is test_click_talk
2020-05-25 00:51:23,736 my_page.py---> test_click_to_be_delivered 20 INFO this is click_to_be_delivered
2020-05-25 00:51:29,332 my_page.py---> test_click_wait_pay 20 INFO this is test_click_wait_pay
2020-05-25 00:52:10,580 my_page.py---> test_click_set 20 INFO this is test_click_set
2020-05-25 00:53:10,751 home_page.py---> test_third_product 20 INFO this is test_third_product
2020-05-25 00:53:49,182 my_page.py---> test_click_set 20 INFO this is test_click_set
2020-05-25 00:54:20,946 my_page.py---> test_click_set 20 INFO this is test_click_set
2020-05-25 00:55:34,762 my_page.py---> test_click_set 20 INFO this is test_click_set
2020-05-25 00:56:41,935 my_page.py---> test_click_set 20 INFO this is test_click_set
2020-05-25 00:57:34,079 my_page.py---> test_click_set 20 INFO this is test_click_set
2020-05-25 00:58:06,091 my_page.py---> test_click_set 20 INFO this is test_click_set
2020-05-25 00:59:46,515 my_page.py---> test_click_set 20 INFO this is test_click_set
2020-05-25 01:00:14,646 my_page.py---> test_click_set 20 INFO this is test_click_set
2020-05-25 01:00:29,730 my_page.py---> test_click_all_order 20 INFO this is test_click_all_order
2020-05-25 01:00:35,668 my_page.py---> test_click_good_to_be_received 20 INFO this is test_click_good_to_be_received
2020-05-25 01:00:41,386 my_page.py---> test_click_login 20 INFO this is test_click_login
2020-05-25 01:00:46,932 my_page.py---> test_click_my_customer_service 20 INFO this is test_click_my_customer_service
2020-05-25 01:01:02,502 my_page.py---> test_click_my_favourite 20 INFO this is test_click_my_favourite
2020-05-25 01:01:08,030 my_page.py---> test_click_my_wallet 20 INFO this is test_click_my_wallet
2020-05-25 01:01:13,613 my_page.py---> test_click_received 20 INFO this is test_click_received
2020-05-25 01:01:19,600 my_page.py---> test_click_set 20 INFO this is test_click_set
2020-05-25 01:01:25,255 my_page.py---> test_click_talk 20 INFO this is test_click_talk
2020-05-25 01:01:31,032 my_page.py---> test_click_to_be_delivered 20 INFO this is click_to_be_delivered
2020-05-25 01:01:36,899 my_page.py---> test_click_wait_pay 20 INFO this is test_click_wait_pay
2020-05-25 01:02:35,999 my_page.py---> test_click_all_order 20 INFO this is test_click_all_order
2020-05-25 01:02:41,618 my_page.py---> test_click_good_to_be_received 20 INFO this is test_click_good_to_be_received
2020-05-25 01:02:48,979 my_page.py---> test_click_login 20 INFO this is test_click_login
2020-05-25 01:02:54,872 my_page.py---> test_click_my_customer_service 20 INFO this is test_click_my_customer_service
2020-05-25 01:03:11,005 my_page.py---> test_click_my_favourite 20 INFO this is test_click_my_favourite
2020-05-25 01:03:16,550 my_page.py---> test_click_my_wallet 20 INFO this is test_click_my_wallet
2020-05-25 01:03:22,181 my_page.py---> test_click_received 20 INFO this is test_click_received
2020-05-25 01:03:27,675 my_page.py---> test_click_set 20 INFO this is test_click_set
2020-05-25 01:03:33,321 my_page.py---> test_click_talk 20 INFO this is test_click_talk
2020-05-25 01:03:39,415 my_page.py---> test_click_to_be_delivered 20 INFO this is click_to_be_delivered
2020-05-25 01:03:45,720 my_page.py---> test_click_wait_pay 20 INFO this is test_click_wait_pay
2020-05-25 01:06:21,576 my_page.py---> test_click_my_favourite 20 INFO this is test_click_my_favourite
