2020-05-18 11:26:06,351 shop_page.py---> test_click_product_button 20 INFO this is test_click_product_button
2020-05-18 11:27:20,548 shop_page.py---> test_click_product_button 20 INFO this is test_click_product_button
2020-05-18 12:20:06,679 shop_page.py---> test_click_product_button 20 INFO this is test_click_product_button
2020-05-18 12:27:25,147 shop_page.py---> test_click_product_button 20 INFO this is test_click_product_button
2020-05-18 12:28:13,106 shop_page.py---> test_click_product_button 20 INFO this is test_click_product_button
2020-05-18 12:28:33,224 shop_page.py---> test_click_product_button 20 INFO this is test_click_product_button
2020-05-18 12:29:21,414 shop_page.py---> test_click_product_button 20 INFO this is test_click_product_button
2020-05-18 12:31:38,862 shop_page.py---> test_click_product_button 20 INFO this is test_click_product_button
2020-05-18 12:32:46,122 shop_page.py---> test_click_product_button 20 INFO this is test_click_product_button
2020-05-18 14:23:10,736 shop_page.py---> test_switch_tabber_shopping_bag 20 INFO this is test_switch_tabber_shopping_bag
2020-05-18 14:24:10,023 shop_page.py---> test_switch_tabber_shopping_bag 20 INFO this is test_switch_tabber_shopping_bag
2020-05-18 14:24:36,052 shop_page.py---> test_switch_tabber_shopping_bag 20 INFO this is test_switch_tabber_shopping_bag
2020-05-18 14:36:59,265 shop_page.py---> test_click_search_button 20 INFO this is test_click_search_button
2020-05-18 14:37:42,055 shop_page.py---> test_click_search_button 20 INFO this is test_click_search_button
2020-05-18 14:43:47,260 shop_not_login_page.py---> test_lick_share_button 20 INFO this is test_lick_share_button
2020-05-18 14:45:09,398 shop_not_login_page.py---> test_lick_share_button 20 INFO this is test_lick_share_button
2020-05-18 14:47:16,448 shop_not_login_page.py---> test_lick_share_button 20 INFO this is test_lick_share_button
2020-05-18 14:48:01,209 shop_not_login_page.py---> test_lick_share_button 20 INFO this is test_lick_share_button
2020-05-18 14:50:14,205 shop_not_login_page.py---> test_lick_share_button 20 INFO this is test_lick_share_button
2020-05-18 14:50:40,195 shop_not_login_page.py---> test_lick_share_button 20 INFO this is test_lick_share_button
2020-05-18 14:52:32,654 shop_not_login_page.py---> test_lick_share_button 20 INFO this is test_lick_share_button
2020-05-18 14:53:42,213 shop_not_login_page.py---> test_lick_share_button 20 INFO this is test_lick_share_button
2020-05-18 15:05:25,805 shop_not_login_page.py---> test_lick_share_button 20 INFO this is test_lick_share_button
2020-05-18 15:09:44,775 shop_not_login_page.py---> test_lick_share_button 20 INFO this is test_lick_share_button
2020-05-18 15:10:17,502 shop_not_login_page.py---> test_lick_share_button 20 INFO this is test_lick_share_button
2020-05-18 15:11:41,375 shop_not_login_page.py---> test_lick_share_button 20 INFO this is test_lick_share_button
2020-05-18 15:13:06,527 shop_not_login_page.py---> test_lick_share_button 20 INFO this is test_lick_share_button
2020-05-18 15:13:29,046 shop_not_login_page.py---> test_lick_share_button 20 INFO this is test_lick_share_button
2020-05-18 15:19:31,355 shop_not_login_page.py---> test_click_add_product_button 20 INFO this is test_click_add_product_button
2020-05-18 15:20:25,188 shop_not_login_page.py---> test_click_add_product_button 20 INFO this is test_click_add_product_button
2020-05-18 15:21:02,324 shop_not_login_page.py---> test_click_add_product_button 20 INFO this is test_click_add_product_button
2020-05-18 15:24:53,509 shop_not_login_page.py---> test_click_add_product_button 20 INFO this is test_click_add_product_button
2020-05-18 15:25:20,108 shop_not_login_page.py---> test_click_product_button 20 INFO this is test_click_product_button
2020-05-18 15:25:26,350 shop_not_login_page.py---> test_click_search_button 20 INFO this is test_click_search_button
2020-05-18 15:25:31,441 shop_not_login_page.py---> test_click_share_button 20 INFO this is test_lick_share_button
2020-05-18 15:25:38,462 shop_not_login_page.py---> test_switch_tabber_shopping_bag 20 INFO this is test_switch_tabber_shopping_bag
