2020-05-13 00:41:32,043 home_page.py---> test_brand_story 20 INFO this is test_brand_story
2020-05-13 00:41:37,991 home_page.py---> test_business_academy 20 INFO this is test_business_academy
2020-05-13 00:41:43,503 home_page.py---> test_product_world 20 INFO this is test_product_world
2020-05-13 00:41:48,784 home_page.py---> test_sharing_rule 20 INFO this is test_sharing_rule
2020-05-13 00:41:52,726 home_page.py---> test_sleep_channel 20 INFO this is test_sleep_channel
2020-05-13 00:41:57,574 home_page.py---> test_switch_class 20 INFO this is test_switch_class
2020-05-13 00:55:06,384 home_page.py---> test_brand_story 20 INFO this is test_brand_story
2020-05-13 00:55:17,503 home_page.py---> test_business_academy 20 INFO this is test_business_academy
2020-05-13 00:55:23,640 home_page.py---> test_product_world 20 INFO this is test_product_world
2020-05-13 00:55:27,885 home_page.py---> test_sharing_rule 20 INFO this is test_sharing_rule
2020-05-13 00:55:34,847 home_page.py---> test_sleep_channel 20 INFO this is test_sleep_channel
2020-05-13 00:55:40,627 home_page.py---> test_switch_class 20 INFO this is test_switch_class
2020-05-13 00:59:28,774 home_page.py---> test_brand_story 20 INFO this is test_brand_story
2020-05-13 00:59:36,920 home_page.py---> test_business_academy 20 INFO this is test_business_academy
2020-05-13 00:59:44,735 home_page.py---> test_product_world 20 INFO this is test_product_world
2020-05-13 00:59:52,798 home_page.py---> test_sharing_rule 20 INFO this is test_sharing_rule
2020-05-13 01:00:00,419 home_page.py---> test_sleep_channel 20 INFO this is test_sleep_channel
2020-05-13 01:00:09,430 home_page.py---> test_switch_class 20 INFO this is test_switch_class
2020-05-13 01:06:04,749 home_page.py---> test_brand_story 20 INFO this is test_brand_story
2020-05-13 01:06:12,704 home_page.py---> test_business_academy 20 INFO this is test_business_academy
2020-05-13 01:06:21,477 home_page.py---> test_product_world 20 INFO this is test_product_world
2020-05-13 01:06:29,527 home_page.py---> test_sharing_rule 20 INFO this is test_sharing_rule
2020-05-13 01:06:41,985 home_page.py---> test_sleep_channel 20 INFO this is test_sleep_channel
2020-05-13 01:06:47,671 home_page.py---> test_switch_class 20 INFO this is test_switch_class
2020-05-13 23:14:14,814 class_list.py---> test_click_class_1 20 INFO this is test_click_class_1
2020-05-13 23:14:32,067 class_list.py---> test_click_class_2 20 INFO this is test_click_class_2
2020-05-13 23:15:14,882 class_list.py---> test_click_class_2 20 INFO this is test_click_class_2
2020-05-13 23:22:27,070 class_list.py---> test_click_tabber 20 INFO this is test_click_tabber
2020-05-13 23:23:16,520 class_list.py---> test_click_tabber 20 INFO this is test_click_tabber
2020-05-13 23:23:41,205 class_list.py---> test_click_tabber 20 INFO this is test_click_tabber
2020-05-13 23:24:20,339 class_list.py---> test_click_tabber 20 INFO this is test_click_tabber
2020-05-13 23:24:42,923 class_list.py---> test_click_tabber 20 INFO this is test_click_tabber
2020-05-13 23:26:29,240 class_list.py---> test_click_tabber 20 INFO this is test_click_tabber
2020-05-13 23:27:17,990 class_list.py---> test_click_tabber 20 INFO this is test_click_tabber
2020-05-13 23:29:32,484 class_list.py---> test_click_tabber 20 INFO this is test_click_tabber
2020-05-13 23:47:35,081 class_list.py---> test_click_tabber 20 INFO this is test_click_tabber
2020-05-13 23:48:29,241 class_list.py---> test_click_tabber 20 INFO this is test_click_tabber
